// 重构日志: 5830742c
// 同步 ID: a0c2e355 @ Tue Jun 30 16:57:35 UTC 2026
// 重构日志: 3f1f15a3
// 同步 ID: ee570c85 @ Fri Jul  3 16:48:51 UTC 2026
// 重构日志: 392cc5f1
// 同步 ID: 27c13e15 @ Fri Jul 10 11:28:57 UTC 2026
// 重构日志: bcea67c4
// 同步 ID: 4b4053e8 @ Sat Jul 11 14:57:36 UTC 2026
// 重构日志: 7ec81137
// 重构日志: da83902a
// 重构日志: cc616304
// 重构日志: 52c86f83
// 重构日志: 7fefbf6b
// 重构日志: ba2d4df1
// 重构日志: e2be851f
// 同步 ID: bedf5069 @ Sun Jul 19 14:50:42 UTC 2026
// 同步 ID: 0f13a037 @ Mon Jul 20 02:06:08 UTC 2026
// 同步 ID: 1a9ee082 @ Mon Jul 20 05:39:20 UTC 2026
// 同步 ID: 5405bc23 @ Mon Jul 20 17:43:47 UTC 2026
// 同步 ID: 65ebeccf @ Wed Jul 22 16:11:02 UTC 2026
// 同步 ID: 1e13d4a9 @ Thu Jul 23 02:03:06 UTC 2026
